<?xml version="1.0" encoding="UTF-8" ?>
<testsuite failures="3" time="0.335" errors="0" skipped="0" tests="4" name="org.jbehave.core.reporters.CrossReferenceBehaviour">
  <properties>
[...]
</properties>
  <testcase time="0.159" classname="org.jbehave.core.reporters.CrossReferenceBehaviour" name="shouldProduceXmlAndJsonOutputsOfStoriesAndSteps">
    <failure message="null expected:&lt;...o renovate my house\[u000aAs a customer\u000aI want to get a loan\u000a&apos;,
      &apos;name&apos;: &apos;/path/to/story&apos;,
      &apos;path&apos;: &apos;/path/to/story&apos;,
      &apos;html&apos;: &apos;path.to.html&apos;,
      &apos;meta&apos;: &apos;author=Mauro\u000atheme=testing\u000a]&apos;,
      &apos;scenarios&apos;...&gt; but was:&lt;...o renovate my house\[nAs a customer\nI want to get a loan\n&apos;,
      &apos;name&apos;: &apos;/path/to/story&apos;,
      &apos;path&apos;: &apos;/path/to/story&apos;,
      &apos;html&apos;: &apos;path.to.html&apos;,
      &apos;meta&apos;: &apos;author=Mauro\ntheme=testing\n]&apos;,
      &apos;scenarios&apos;...&gt;" type="junit.framework.ComparisonFailure">junit.framework.ComparisonFailure: null expected:&lt;...o renovate my house\[u000aAs a customer\u000aI want to get a loan\u000a&apos;,
      &apos;name&apos;: &apos;/path/to/story&apos;,
      &apos;path&apos;: &apos;/path/to/story&apos;,
      &apos;html&apos;: &apos;path.to.html&apos;,
      &apos;meta&apos;: &apos;author=Mauro\u000atheme=testing\u000a]&apos;,
      &apos;scenarios&apos;...&gt; but was:&lt;...o renovate my house\[nAs a customer\nI want to get a loan\n&apos;,
      &apos;name&apos;: &apos;/path/to/story&apos;,
      &apos;path&apos;: &apos;/path/to/story&apos;,
      &apos;html&apos;: &apos;path.to.html&apos;,
      &apos;meta&apos;: &apos;author=Mauro\ntheme=testing\n]&apos;,
      &apos;scenarios&apos;...&gt;
	at junit.framework.Assert.assertEquals(Assert.java:81)
	at junit.framework.Assert.assertEquals(Assert.java:87)
	at org.jbehave.core.reporters.CrossReferenceBehaviour.shouldProduceXmlAndJsonOutputsOfStoriesAndSteps(CrossReferenceBehaviour.java:122)
	at sun.reflect.NativeMethodAccessorImpl.invoke0(Native Method)
	at sun.reflect.NativeMethodAccessorImpl.invoke(NativeMethodAccessorImpl.java:57)
	at sun.reflect.DelegatingMethodAccessorImpl.invoke(DelegatingMethodAccessorImpl.java:43)
	at java.lang.reflect.Method.invoke(Method.java:601)
	at org.junit.runners.model.FrameworkMethod$1.runReflectiveCall(FrameworkMethod.java:44)
	at org.junit.internal.runners.model.ReflectiveCallable.run(ReflectiveCallable.java:15)
	at org.junit.runners.model.FrameworkMethod.invokeExplosively(FrameworkMethod.java:41)
	at org.junit.internal.runners.statements.InvokeMethod.evaluate(InvokeMethod.java:20)
	at org.junit.runners.BlockJUnit4ClassRunner.runNotIgnored(BlockJUnit4ClassRunner.java:79)
	at org.junit.runners.BlockJUnit4ClassRunner.runChild(BlockJUnit4ClassRunner.java:71)
	at org.junit.runners.BlockJUnit4ClassRunner.runChild(BlockJUnit4ClassRunner.java:49)
	at org.junit.runners.ParentRunner$3.run(ParentRunner.java:193)
	at org.junit.runners.ParentRunner$1.schedule(ParentRunner.java:52)
	at org.junit.runners.ParentRunner.runChildren(ParentRunner.java:191)
	at org.junit.runners.ParentRunner.access$000(ParentRunner.java:42)
	at org.junit.runners.ParentRunner$2.evaluate(ParentRunner.java:184)
	at org.junit.runners.ParentRunner.run(ParentRunner.java:236)
	at org.apache.maven.surefire.junit4.JUnit4TestSet.execute(JUnit4TestSet.java:53)
	at org.apache.maven.surefire.junit4.JUnit4Provider.executeTestSet(JUnit4Provider.java:119)
	at org.apache.maven.surefire.junit4.JUnit4Provider.invoke(JUnit4Provider.java:101)
	at sun.reflect.NativeMethodAccessorImpl.invoke0(Native Method)
	at sun.reflect.NativeMethodAccessorImpl.invoke(NativeMethodAccessorImpl.java:57)
	at sun.reflect.DelegatingMethodAccessorImpl.invoke(DelegatingMethodAccessorImpl.java:43)
	at java.lang.reflect.Method.invoke(Method.java:601)
	at org.apache.maven.surefire.booter.ProviderFactory$ClassLoaderProxy.invoke(ProviderFactory.java:103)
	at com.sun.proxy.$Proxy0.invoke(Unknown Source)
	at org.apache.maven.surefire.booter.SurefireStarter.invokeProvider(SurefireStarter.java:150)
	at org.apache.maven.surefire.booter.SurefireStarter.runSuitesInProcess(SurefireStarter.java:91)
	at org.apache.maven.surefire.booter.ForkedBooter.main(ForkedBooter.java:69)
</failure>
  </testcase>
  <testcase time="0.047" classname="org.jbehave.core.reporters.CrossReferenceBehaviour" name="shouldProduceXmlOutputsOfStoriesAndSteps"/>
  <testcase time="0.045" classname="org.jbehave.core.reporters.CrossReferenceBehaviour" name="shouldProduceJsonOutputsOfStoriesAndSteps">
    <failure message="null expected:&lt;...o renovate my house\[u000aAs a customer\u000aI want to get a loan\u000a&apos;,
      &apos;name&apos;: &apos;/path/to/story&apos;,
      &apos;path&apos;: &apos;/path/to/story&apos;,
      &apos;html&apos;: &apos;path.to.html&apos;,
      &apos;meta&apos;: &apos;author=Mauro\u000atheme=testing\u000a]&apos;,
      &apos;scenarios&apos;...&gt; but was:&lt;...o renovate my house\[nAs a customer\nI want to get a loan\n&apos;,
      &apos;name&apos;: &apos;/path/to/story&apos;,
      &apos;path&apos;: &apos;/path/to/story&apos;,
      &apos;html&apos;: &apos;path.to.html&apos;,
      &apos;meta&apos;: &apos;author=Mauro\ntheme=testing\n]&apos;,
      &apos;scenarios&apos;...&gt;" type="junit.framework.ComparisonFailure">junit.framework.ComparisonFailure: null expected:&lt;...o renovate my house\[u000aAs a customer\u000aI want to get a loan\u000a&apos;,
      &apos;name&apos;: &apos;/path/to/story&apos;,
      &apos;path&apos;: &apos;/path/to/story&apos;,
      &apos;html&apos;: &apos;path.to.html&apos;,
      &apos;meta&apos;: &apos;author=Mauro\u000atheme=testing\u000a]&apos;,
      &apos;scenarios&apos;...&gt; but was:&lt;...o renovate my house\[nAs a customer\nI want to get a loan\n&apos;,
      &apos;name&apos;: &apos;/path/to/story&apos;,
      &apos;path&apos;: &apos;/path/to/story&apos;,
      &apos;html&apos;: &apos;path.to.html&apos;,
      &apos;meta&apos;: &apos;author=Mauro\ntheme=testing\n]&apos;,
      &apos;scenarios&apos;...&gt;
	at junit.framework.Assert.assertEquals(Assert.java:81)
	at junit.framework.Assert.assertEquals(Assert.java:87)
	at org.jbehave.core.reporters.CrossReferenceBehaviour.shouldProduceJsonOutputsOfStoriesAndSteps(CrossReferenceBehaviour.java:319)
	at sun.reflect.NativeMethodAccessorImpl.invoke0(Native Method)
	at sun.reflect.NativeMethodAccessorImpl.invoke(NativeMethodAccessorImpl.java:57)
	at sun.reflect.DelegatingMethodAccessorImpl.invoke(DelegatingMethodAccessorImpl.java:43)
	at java.lang.reflect.Method.invoke(Method.java:601)
	at org.junit.runners.model.FrameworkMethod$1.runReflectiveCall(FrameworkMethod.java:44)
	at org.junit.internal.runners.model.ReflectiveCallable.run(ReflectiveCallable.java:15)
	at org.junit.runners.model.FrameworkMethod.invokeExplosively(FrameworkMethod.java:41)
	at org.junit.internal.runners.statements.InvokeMethod.evaluate(InvokeMethod.java:20)
	at org.junit.runners.BlockJUnit4ClassRunner.runNotIgnored(BlockJUnit4ClassRunner.java:79)
	at org.junit.runners.BlockJUnit4ClassRunner.runChild(BlockJUnit4ClassRunner.java:71)
	at org.junit.runners.BlockJUnit4ClassRunner.runChild(BlockJUnit4ClassRunner.java:49)
	at org.junit.runners.ParentRunner$3.run(ParentRunner.java:193)
	at org.junit.runners.ParentRunner$1.schedule(ParentRunner.java:52)
	at org.junit.runners.ParentRunner.runChildren(ParentRunner.java:191)
	at org.junit.runners.ParentRunner.access$000(ParentRunner.java:42)
	at org.junit.runners.ParentRunner$2.evaluate(ParentRunner.java:184)
	at org.junit.runners.ParentRunner.run(ParentRunner.java:236)
	at org.apache.maven.surefire.junit4.JUnit4TestSet.execute(JUnit4TestSet.java:53)
	at org.apache.maven.surefire.junit4.JUnit4Provider.executeTestSet(JUnit4Provider.java:119)
	at org.apache.maven.surefire.junit4.JUnit4Provider.invoke(JUnit4Provider.java:101)
	at sun.reflect.NativeMethodAccessorImpl.invoke0(Native Method)
	at sun.reflect.NativeMethodAccessorImpl.invoke(NativeMethodAccessorImpl.java:57)
	at sun.reflect.DelegatingMethodAccessorImpl.invoke(DelegatingMethodAccessorImpl.java:43)
	at java.lang.reflect.Method.invoke(Method.java:601)
	at org.apache.maven.surefire.booter.ProviderFactory$ClassLoaderProxy.invoke(ProviderFactory.java:103)
	at com.sun.proxy.$Proxy0.invoke(Unknown Source)
	at org.apache.maven.surefire.booter.SurefireStarter.invokeProvider(SurefireStarter.java:150)
	at org.apache.maven.surefire.booter.SurefireStarter.runSuitesInProcess(SurefireStarter.java:91)
	at org.apache.maven.surefire.booter.ForkedBooter.main(ForkedBooter.java:69)
</failure>
  </testcase>
  <testcase time="0.074" classname="org.jbehave.core.reporters.CrossReferenceBehaviour" name="shouldAllowOverridingOfObjectsCreated">
    <failure message="null expected:&lt;...o renovate my house\[u000aAs a customer\u000aI want to get a loan\u000a&apos;,
      &apos;name&apos;: &apos;/path/to/story&apos;,
      &apos;path&apos;: &apos;/path/to/story&apos;,
      &apos;html&apos;: &apos;path.to.html&apos;,
      &apos;meta&apos;: &apos;author=Mauro\u000a]&apos;,
      &apos;scenarios&apos;...&gt; but was:&lt;...o renovate my house\[nAs a customer\nI want to get a loan\n&apos;,
      &apos;name&apos;: &apos;/path/to/story&apos;,
      &apos;path&apos;: &apos;/path/to/story&apos;,
      &apos;html&apos;: &apos;path.to.html&apos;,
      &apos;meta&apos;: &apos;author=Mauro\n]&apos;,
      &apos;scenarios&apos;...&gt;" type="junit.framework.ComparisonFailure">junit.framework.ComparisonFailure: null expected:&lt;...o renovate my house\[u000aAs a customer\u000aI want to get a loan\u000a&apos;,
      &apos;name&apos;: &apos;/path/to/story&apos;,
      &apos;path&apos;: &apos;/path/to/story&apos;,
      &apos;html&apos;: &apos;path.to.html&apos;,
      &apos;meta&apos;: &apos;author=Mauro\u000a]&apos;,
      &apos;scenarios&apos;...&gt; but was:&lt;...o renovate my house\[nAs a customer\nI want to get a loan\n&apos;,
      &apos;name&apos;: &apos;/path/to/story&apos;,
      &apos;path&apos;: &apos;/path/to/story&apos;,
      &apos;html&apos;: &apos;path.to.html&apos;,
      &apos;meta&apos;: &apos;author=Mauro\n]&apos;,
      &apos;scenarios&apos;...&gt;
	at junit.framework.Assert.assertEquals(Assert.java:81)
	at junit.framework.Assert.assertEquals(Assert.java:87)
	at org.jbehave.core.reporters.CrossReferenceBehaviour.shouldAllowOverridingOfObjectsCreated(CrossReferenceBehaviour.java:460)
	at sun.reflect.NativeMethodAccessorImpl.invoke0(Native Method)
	at sun.reflect.NativeMethodAccessorImpl.invoke(NativeMethodAccessorImpl.java:57)
	at sun.reflect.DelegatingMethodAccessorImpl.invoke(DelegatingMethodAccessorImpl.java:43)
	at java.lang.reflect.Method.invoke(Method.java:601)
	at org.junit.runners.model.FrameworkMethod$1.runReflectiveCall(FrameworkMethod.java:44)
	at org.junit.internal.runners.model.ReflectiveCallable.run(ReflectiveCallable.java:15)
	at org.junit.runners.model.FrameworkMethod.invokeExplosively(FrameworkMethod.java:41)
	at org.junit.internal.runners.statements.InvokeMethod.evaluate(InvokeMethod.java:20)
	at org.junit.runners.BlockJUnit4ClassRunner.runNotIgnored(BlockJUnit4ClassRunner.java:79)
	at org.junit.runners.BlockJUnit4ClassRunner.runChild(BlockJUnit4ClassRunner.java:71)
	at org.junit.runners.BlockJUnit4ClassRunner.runChild(BlockJUnit4ClassRunner.java:49)
	at org.junit.runners.ParentRunner$3.run(ParentRunner.java:193)
	at org.junit.runners.ParentRunner$1.schedule(ParentRunner.java:52)
	at org.junit.runners.ParentRunner.runChildren(ParentRunner.java:191)
	at org.junit.runners.ParentRunner.access$000(ParentRunner.java:42)
	at org.junit.runners.ParentRunner$2.evaluate(ParentRunner.java:184)
	at org.junit.runners.ParentRunner.run(ParentRunner.java:236)
	at org.apache.maven.surefire.junit4.JUnit4TestSet.execute(JUnit4TestSet.java:53)
	at org.apache.maven.surefire.junit4.JUnit4Provider.executeTestSet(JUnit4Provider.java:119)
	at org.apache.maven.surefire.junit4.JUnit4Provider.invoke(JUnit4Provider.java:101)
	at sun.reflect.NativeMethodAccessorImpl.invoke0(Native Method)
	at sun.reflect.NativeMethodAccessorImpl.invoke(NativeMethodAccessorImpl.java:57)
	at sun.reflect.DelegatingMethodAccessorImpl.invoke(DelegatingMethodAccessorImpl.java:43)
	at java.lang.reflect.Method.invoke(Method.java:601)
	at org.apache.maven.surefire.booter.ProviderFactory$ClassLoaderProxy.invoke(ProviderFactory.java:103)
	at com.sun.proxy.$Proxy0.invoke(Unknown Source)
	at org.apache.maven.surefire.booter.SurefireStarter.invokeProvider(SurefireStarter.java:150)
	at org.apache.maven.surefire.booter.SurefireStarter.runSuitesInProcess(SurefireStarter.java:91)
	at org.apache.maven.surefire.booter.ForkedBooter.main(ForkedBooter.java:69)
</failure>
  </testcase>
</testsuite>