<?xml version="1.0" encoding="UTF-8" ?>
<testsuite failures="3" time="0.335" errors="0" skipped="0" tests="4" name="org.jbehave.core.reporters.CrossReferenceBehaviour">
  <properties>
    <property name="java.vendor" value="Oracle Corporation"/>
    <property name="localRepository" value="/Users/cvgaviao/.m2/repository"/>
    <property name="sun.java.launcher" value="SUN_STANDARD"/>
    <property name="sun.management.compiler" value="HotSpot 64-Bit Tiered Compilers"/>
    <property name="os.name" value="Mac OS X"/>
    <property name="sun.boot.class.path" value="/Library/Java/JavaVirtualMachines/jdk1.7.0_15.jdk/Contents/Home/jre/lib/resources.jar:/Library/Java/JavaVirtualMachines/jdk1.7.0_15.jdk/Contents/Home/jre/lib/rt.jar:/Library/Java/JavaVirtualMachines/jdk1.7.0_15.jdk/Contents/Home/jre/lib/sunrsasign.jar:/Library/Java/JavaVirtualMachines/jdk1.7.0_15.jdk/Contents/Home/jre/lib/jsse.jar:/Library/Java/JavaVirtualMachines/jdk1.7.0_15.jdk/Contents/Home/jre/lib/jce.jar:/Library/Java/JavaVirtualMachines/jdk1.7.0_15.jdk/Contents/Home/jre/lib/charsets.jar:/Library/Java/JavaVirtualMachines/jdk1.7.0_15.jdk/Contents/Home/jre/lib/jfr.jar:/Library/Java/JavaVirtualMachines/jdk1.7.0_15.jdk/Contents/Home/jre/lib/JObjC.jar:/Library/Java/JavaVirtualMachines/jdk1.7.0_15.jdk/Contents/Home/jre/classes"/>
    <property name="user.country.format" value="BR"/>
    <property name="java.vm.specification.vendor" value="Oracle Corporation"/>
    <property name="java.runtime.version" value="1.7.0_15-b03"/>
    <property name="THREADS" value="5"/>
    <property name="user.name" value="cvgaviao"/>
    <property name="user.language.format" value="pt"/>
    <property name="user.language" value="en"/>
    <property name="sun.boot.library.path" value="/Library/Java/JavaVirtualMachines/jdk1.7.0_15.jdk/Contents/Home/jre/lib"/>
    <property name="IGNORE_FAILURE_IN_VIEW" value="true"/>
    <property name="java.version" value="1.7.0_15"/>
    <property name="user.timezone" value="America/Fortaleza"/>
    <property name="sun.arch.data.model" value="64"/>
    <property name="IGNORE_FAILURE_IN_STORIES" value="true"/>
    <property name="http.nonProxyHosts" value="local|*.local|169.254/16|*.169.254/16"/>
    <property name="java.endorsed.dirs" value="/Library/Java/JavaVirtualMachines/jdk1.7.0_15.jdk/Contents/Home/jre/lib/endorsed"/>
    <property name="sun.cpu.isalist" value=""/>
    <property name="sun.jnu.encoding" value="UTF-8"/>
    <property name="file.encoding.pkg" value="sun.io"/>
    <property name="file.separator" value="/"/>
    <property name="java.specification.name" value="Java Platform API Specification"/>
    <property name="STORY_TIMEOUT_IN_SECS" value="500"/>
    <property name="java.class.version" value="51.0"/>
    <property name="BATCH" value="true"/>
    <property name="user.country" value="US"/>
    <property name="java.home" value="/Library/Java/JavaVirtualMachines/jdk1.7.0_15.jdk/Contents/Home/jre"/>
    <property name="java.vm.info" value="mixed mode"/>
    <property name="os.version" value="10.8.3"/>
    <property name="surefire.real.class.path" value="/Users/cvgaviao/Development/C4Biz_Projects/JBehave/jbehave-core/jbehave-core/target/surefire/surefirebooter404319995902155692.jar"/>
    <property name="path.separator" value=":"/>
    <property name="java.vm.version" value="23.7-b01"/>
    <property name="java.awt.printerjob" value="sun.lwawt.macosx.CPrinterJob"/>
    <property name="sun.io.unicode.encoding" value="UnicodeBig"/>
    <property name="awt.toolkit" value="sun.lwawt.macosx.LWCToolkit"/>
    <property name="VERBOSE_FILTERING" value="true"/>
    <property name="socksNonProxyHosts" value="local|*.local|169.254/16|*.169.254/16"/>
    <property name="ftp.nonProxyHosts" value="local|*.local|169.254/16|*.169.254/16"/>
    <property name="SKIP" value="true"/>
    <property name="VERBOSE_FAILURES" value="true"/>
    <property name="user.home" value="/Users/cvgaviao"/>
    <property name="java.specification.vendor" value="Oracle Corporation"/>
    <property name="java.library.path" value="/Users/cvgaviao/Library/Java/Extensions:/Library/Java/Extensions:/Network/Library/Java/Extensions:/System/Library/Java/Extensions:/usr/lib/java:."/>
    <property name="java.vendor.url" value="http://java.oracle.com/"/>
    <property name="java.vm.vendor" value="Oracle Corporation"/>
    <property name="gopherProxySet" value="false"/>
    <property name="second" value=""/>
    <property name="java.runtime.name" value="Java(TM) SE Runtime Environment"/>
    <property name="sun.java.command" value="/Users/cvgaviao/Development/C4Biz_Projects/JBehave/jbehave-core/jbehave-core/target/surefire/surefirebooter404319995902155692.jar /Users/cvgaviao/Development/C4Biz_Projects/JBehave/jbehave-core/jbehave-core/target/surefire/surefire8875250652803653861tmp /Users/cvgaviao/Development/C4Biz_Projects/JBehave/jbehave-core/jbehave-core/target/surefire/surefire6903491594309565782tmp"/>
    <property name="java.class.path" value="/Users/cvgaviao/Development/C4Biz_Projects/JBehave/jbehave-core/jbehave-core/target/test-classes:/Users/cvgaviao/Development/C4Biz_Projects/JBehave/jbehave-core/jbehave-core/target/classes:/Users/cvgaviao/.m2/repository/junit/junit-dep/4.8.2/junit-dep-4.8.2.jar:/Users/cvgaviao/.m2/repository/org/hamcrest/hamcrest-core/1.1/hamcrest-core-1.1.jar:/Users/cvgaviao/.m2/repository/org/hamcrest/hamcrest-library/1.1/hamcrest-library-1.1.jar:/Users/cvgaviao/.m2/repository/org/hamcrest/hamcrest-integration/1.1/hamcrest-integration-1.1.jar:/Users/cvgaviao/.m2/repository/commons-collections/commons-collections/3.2.1/commons-collections-3.2.1.jar:/Users/cvgaviao/.m2/repository/commons-io/commons-io/2.4/commons-io-2.4.jar:/Users/cvgaviao/.m2/repository/commons-lang/commons-lang/2.6/commons-lang-2.6.jar:/Users/cvgaviao/.m2/repository/com/google/guava/guava/14.0/guava-14.0.jar:/Users/cvgaviao/.m2/repository/org/codehaus/groovy/groovy-all/2.1.1/groovy-all-2.1.1.jar:/Users/cvgaviao/.m2/repository/org/codehaus/plexus/plexus-utils/2.0.5/plexus-utils-2.0.5.jar:/Users/cvgaviao/.m2/repository/org/freemarker/freemarker/2.3.19/freemarker-2.3.19.jar:/Users/cvgaviao/.m2/repository/com/thoughtworks/paranamer/paranamer/2.5.2/paranamer-2.5.2.jar:/Users/cvgaviao/.m2/repository/com/thoughtworks/xstream/xstream/1.4.4/xstream-1.4.4.jar:/Users/cvgaviao/.m2/repository/xmlpull/xmlpull/1.1.3.1/xmlpull-1.1.3.1.jar:/Users/cvgaviao/.m2/repository/xpp3/xpp3_min/1.1.4c/xpp3_min-1.1.4c.jar:/Users/cvgaviao/.m2/repository/javax/inject/javax.inject/1/javax.inject-1.jar:/Users/cvgaviao/.m2/repository/xmlunit/xmlunit/1.4/xmlunit-1.4.jar:/Users/cvgaviao/.m2/repository/org/mockito/mockito-all/1.9.5/mockito-all-1.9.5.jar:/Users/cvgaviao/.m2/repository/org/apache/maven/skins/maven-default-skin/1.1/maven-default-skin-1.1.jar:"/>
    <property name="first" value="one"/>
    <property name="java.vm.specification.name" value="Java Virtual Machine Specification"/>
    <property name="java.vm.specification.version" value="1.7"/>
    <property name="sun.cpu.endian" value="little"/>
    <property name="sun.os.patch.level" value="unknown"/>
    <property name="GENERATE_VIEW_AFTER_STORIES" value="true"/>
    <property name="surefire.test.class.path" value="/Users/cvgaviao/Development/C4Biz_Projects/JBehave/jbehave-core/jbehave-core/target/test-classes:/Users/cvgaviao/Development/C4Biz_Projects/JBehave/jbehave-core/jbehave-core/target/classes:/Users/cvgaviao/.m2/repository/junit/junit-dep/4.8.2/junit-dep-4.8.2.jar:/Users/cvgaviao/.m2/repository/org/hamcrest/hamcrest-core/1.1/hamcrest-core-1.1.jar:/Users/cvgaviao/.m2/repository/org/hamcrest/hamcrest-library/1.1/hamcrest-library-1.1.jar:/Users/cvgaviao/.m2/repository/org/hamcrest/hamcrest-integration/1.1/hamcrest-integration-1.1.jar:/Users/cvgaviao/.m2/repository/commons-collections/commons-collections/3.2.1/commons-collections-3.2.1.jar:/Users/cvgaviao/.m2/repository/commons-io/commons-io/2.4/commons-io-2.4.jar:/Users/cvgaviao/.m2/repository/commons-lang/commons-lang/2.6/commons-lang-2.6.jar:/Users/cvgaviao/.m2/repository/com/google/guava/guava/14.0/guava-14.0.jar:/Users/cvgaviao/.m2/repository/org/codehaus/groovy/groovy-all/2.1.1/groovy-all-2.1.1.jar:/Users/cvgaviao/.m2/repository/org/codehaus/plexus/plexus-utils/2.0.5/plexus-utils-2.0.5.jar:/Users/cvgaviao/.m2/repository/org/freemarker/freemarker/2.3.19/freemarker-2.3.19.jar:/Users/cvgaviao/.m2/repository/com/thoughtworks/paranamer/paranamer/2.5.2/paranamer-2.5.2.jar:/Users/cvgaviao/.m2/repository/com/thoughtworks/xstream/xstream/1.4.4/xstream-1.4.4.jar:/Users/cvgaviao/.m2/repository/xmlpull/xmlpull/1.1.3.1/xmlpull-1.1.3.1.jar:/Users/cvgaviao/.m2/repository/xpp3/xpp3_min/1.1.4c/xpp3_min-1.1.4c.jar:/Users/cvgaviao/.m2/repository/javax/inject/javax.inject/1/javax.inject-1.jar:/Users/cvgaviao/.m2/repository/xmlunit/xmlunit/1.4/xmlunit-1.4.jar:/Users/cvgaviao/.m2/repository/org/mockito/mockito-all/1.9.5/mockito-all-1.9.5.jar:/Users/cvgaviao/.m2/repository/org/apache/maven/skins/maven-default-skin/1.1/maven-default-skin-1.1.jar:"/>
    <property name="java.io.tmpdir" value="/var/folders/1l/jcn8c2y927l6h8w7lkygp90m0000gn/T/"/>
    <property name="java.vendor.url.bug" value="http://bugreport.sun.com/bugreport/"/>
    <property name="os.arch" value="x86_64"/>
    <property name="java.awt.graphicsenv" value="sun.awt.CGraphicsEnvironment"/>
    <property name="java.ext.dirs" value="/Users/cvgaviao/Library/Java/Extensions:/Library/Java/JavaVirtualMachines/jdk1.7.0_15.jdk/Contents/Home/jre/lib/ext:/Library/Java/Extensions:/Network/Library/Java/Extensions:/System/Library/Java/Extensions:/usr/lib/java"/>
    <property name="user.dir" value="/Users/cvgaviao/Development/C4Biz_Projects/JBehave/jbehave-core/jbehave-core"/>
    <property name="line.separator" value="
"/>
    <property name="java.vm.name" value="Java HotSpot(TM) 64-Bit Server VM"/>
    <property name="basedir" value="/Users/cvgaviao/Development/C4Biz_Projects/JBehave/jbehave-core/jbehave-core"/>
    <property name="file.encoding" value="UTF-8"/>
    <property name="java.specification.version" value="1.7"/>
  </properties>
  <testcase time="0.159" classname="org.jbehave.core.reporters.CrossReferenceBehaviour" name="shouldProduceXmlAndJsonOutputsOfStoriesAndSteps">
    <failure message="null expected:&lt;...o renovate my house\[u000aAs a customer\u000aI want to get a loan\u000a&apos;,
      &apos;name&apos;: &apos;/path/to/story&apos;,
      &apos;path&apos;: &apos;/path/to/story&apos;,
      &apos;html&apos;: &apos;path.to.html&apos;,
      &apos;meta&apos;: &apos;author=Mauro\u000atheme=testing\u000a]&apos;,
      &apos;scenarios&apos;...&gt; but was:&lt;...o renovate my house\[nAs a customer\nI want to get a loan\n&apos;,
      &apos;name&apos;: &apos;/path/to/story&apos;,
      &apos;path&apos;: &apos;/path/to/story&apos;,
      &apos;html&apos;: &apos;path.to.html&apos;,
      &apos;meta&apos;: &apos;author=Mauro\ntheme=testing\n]&apos;,
      &apos;scenarios&apos;...&gt;" type="junit.framework.ComparisonFailure">junit.framework.ComparisonFailure: null expected:&lt;...o renovate my house\[u000aAs a customer\u000aI want to get a loan\u000a&apos;,
      &apos;name&apos;: &apos;/path/to/story&apos;,
      &apos;path&apos;: &apos;/path/to/story&apos;,
      &apos;html&apos;: &apos;path.to.html&apos;,
      &apos;meta&apos;: &apos;author=Mauro\u000atheme=testing\u000a]&apos;,
      &apos;scenarios&apos;...&gt; but was:&lt;...o renovate my house\[nAs a customer\nI want to get a loan\n&apos;,
      &apos;name&apos;: &apos;/path/to/story&apos;,
      &apos;path&apos;: &apos;/path/to/story&apos;,
      &apos;html&apos;: &apos;path.to.html&apos;,
      &apos;meta&apos;: &apos;author=Mauro\ntheme=testing\n]&apos;,
      &apos;scenarios&apos;...&gt;
	at junit.framework.Assert.assertEquals(Assert.java:81)
	at junit.framework.Assert.assertEquals(Assert.java:87)
	at org.jbehave.core.reporters.CrossReferenceBehaviour.shouldProduceXmlAndJsonOutputsOfStoriesAndSteps(CrossReferenceBehaviour.java:122)
	at sun.reflect.NativeMethodAccessorImpl.invoke0(Native Method)
	at sun.reflect.NativeMethodAccessorImpl.invoke(NativeMethodAccessorImpl.java:57)
	at sun.reflect.DelegatingMethodAccessorImpl.invoke(DelegatingMethodAccessorImpl.java:43)
	at java.lang.reflect.Method.invoke(Method.java:601)
	at org.junit.runners.model.FrameworkMethod$1.runReflectiveCall(FrameworkMethod.java:44)
	at org.junit.internal.runners.model.ReflectiveCallable.run(ReflectiveCallable.java:15)
	at org.junit.runners.model.FrameworkMethod.invokeExplosively(FrameworkMethod.java:41)
	at org.junit.internal.runners.statements.InvokeMethod.evaluate(InvokeMethod.java:20)
	at org.junit.runners.BlockJUnit4ClassRunner.runNotIgnored(BlockJUnit4ClassRunner.java:79)
	at org.junit.runners.BlockJUnit4ClassRunner.runChild(BlockJUnit4ClassRunner.java:71)
	at org.junit.runners.BlockJUnit4ClassRunner.runChild(BlockJUnit4ClassRunner.java:49)
	at org.junit.runners.ParentRunner$3.run(ParentRunner.java:193)
	at org.junit.runners.ParentRunner$1.schedule(ParentRunner.java:52)
	at org.junit.runners.ParentRunner.runChildren(ParentRunner.java:191)
	at org.junit.runners.ParentRunner.access$000(ParentRunner.java:42)
	at org.junit.runners.ParentRunner$2.evaluate(ParentRunner.java:184)
	at org.junit.runners.ParentRunner.run(ParentRunner.java:236)
	at org.apache.maven.surefire.junit4.JUnit4TestSet.execute(JUnit4TestSet.java:53)
	at org.apache.maven.surefire.junit4.JUnit4Provider.executeTestSet(JUnit4Provider.java:119)
	at org.apache.maven.surefire.junit4.JUnit4Provider.invoke(JUnit4Provider.java:101)
	at sun.reflect.NativeMethodAccessorImpl.invoke0(Native Method)
	at sun.reflect.NativeMethodAccessorImpl.invoke(NativeMethodAccessorImpl.java:57)
	at sun.reflect.DelegatingMethodAccessorImpl.invoke(DelegatingMethodAccessorImpl.java:43)
	at java.lang.reflect.Method.invoke(Method.java:601)
	at org.apache.maven.surefire.booter.ProviderFactory$ClassLoaderProxy.invoke(ProviderFactory.java:103)
	at com.sun.proxy.$Proxy0.invoke(Unknown Source)
	at org.apache.maven.surefire.booter.SurefireStarter.invokeProvider(SurefireStarter.java:150)
	at org.apache.maven.surefire.booter.SurefireStarter.runSuitesInProcess(SurefireStarter.java:91)
	at org.apache.maven.surefire.booter.ForkedBooter.main(ForkedBooter.java:69)
</failure>
  </testcase>
  <testcase time="0.047" classname="org.jbehave.core.reporters.CrossReferenceBehaviour" name="shouldProduceXmlOutputsOfStoriesAndSteps"/>
  <testcase time="0.045" classname="org.jbehave.core.reporters.CrossReferenceBehaviour" name="shouldProduceJsonOutputsOfStoriesAndSteps">
    <failure message="null expected:&lt;...o renovate my house\[u000aAs a customer\u000aI want to get a loan\u000a&apos;,
      &apos;name&apos;: &apos;/path/to/story&apos;,
      &apos;path&apos;: &apos;/path/to/story&apos;,
      &apos;html&apos;: &apos;path.to.html&apos;,
      &apos;meta&apos;: &apos;author=Mauro\u000atheme=testing\u000a]&apos;,
      &apos;scenarios&apos;...&gt; but was:&lt;...o renovate my house\[nAs a customer\nI want to get a loan\n&apos;,
      &apos;name&apos;: &apos;/path/to/story&apos;,
      &apos;path&apos;: &apos;/path/to/story&apos;,
      &apos;html&apos;: &apos;path.to.html&apos;,
      &apos;meta&apos;: &apos;author=Mauro\ntheme=testing\n]&apos;,
      &apos;scenarios&apos;...&gt;" type="junit.framework.ComparisonFailure">junit.framework.ComparisonFailure: null expected:&lt;...o renovate my house\[u000aAs a customer\u000aI want to get a loan\u000a&apos;,
      &apos;name&apos;: &apos;/path/to/story&apos;,
      &apos;path&apos;: &apos;/path/to/story&apos;,
      &apos;html&apos;: &apos;path.to.html&apos;,
      &apos;meta&apos;: &apos;author=Mauro\u000atheme=testing\u000a]&apos;,
      &apos;scenarios&apos;...&gt; but was:&lt;...o renovate my house\[nAs a customer\nI want to get a loan\n&apos;,
      &apos;name&apos;: &apos;/path/to/story&apos;,
      &apos;path&apos;: &apos;/path/to/story&apos;,
      &apos;html&apos;: &apos;path.to.html&apos;,
      &apos;meta&apos;: &apos;author=Mauro\ntheme=testing\n]&apos;,
      &apos;scenarios&apos;...&gt;
	at junit.framework.Assert.assertEquals(Assert.java:81)
	at junit.framework.Assert.assertEquals(Assert.java:87)
	at org.jbehave.core.reporters.CrossReferenceBehaviour.shouldProduceJsonOutputsOfStoriesAndSteps(CrossReferenceBehaviour.java:319)
	at sun.reflect.NativeMethodAccessorImpl.invoke0(Native Method)
	at sun.reflect.NativeMethodAccessorImpl.invoke(NativeMethodAccessorImpl.java:57)
	at sun.reflect.DelegatingMethodAccessorImpl.invoke(DelegatingMethodAccessorImpl.java:43)
	at java.lang.reflect.Method.invoke(Method.java:601)
	at org.junit.runners.model.FrameworkMethod$1.runReflectiveCall(FrameworkMethod.java:44)
	at org.junit.internal.runners.model.ReflectiveCallable.run(ReflectiveCallable.java:15)
	at org.junit.runners.model.FrameworkMethod.invokeExplosively(FrameworkMethod.java:41)
	at org.junit.internal.runners.statements.InvokeMethod.evaluate(InvokeMethod.java:20)
	at org.junit.runners.BlockJUnit4ClassRunner.runNotIgnored(BlockJUnit4ClassRunner.java:79)
	at org.junit.runners.BlockJUnit4ClassRunner.runChild(BlockJUnit4ClassRunner.java:71)
	at org.junit.runners.BlockJUnit4ClassRunner.runChild(BlockJUnit4ClassRunner.java:49)
	at org.junit.runners.ParentRunner$3.run(ParentRunner.java:193)
	at org.junit.runners.ParentRunner$1.schedule(ParentRunner.java:52)
	at org.junit.runners.ParentRunner.runChildren(ParentRunner.java:191)
	at org.junit.runners.ParentRunner.access$000(ParentRunner.java:42)
	at org.junit.runners.ParentRunner$2.evaluate(ParentRunner.java:184)
	at org.junit.runners.ParentRunner.run(ParentRunner.java:236)
	at org.apache.maven.surefire.junit4.JUnit4TestSet.execute(JUnit4TestSet.java:53)
	at org.apache.maven.surefire.junit4.JUnit4Provider.executeTestSet(JUnit4Provider.java:119)
	at org.apache.maven.surefire.junit4.JUnit4Provider.invoke(JUnit4Provider.java:101)
	at sun.reflect.NativeMethodAccessorImpl.invoke0(Native Method)
	at sun.reflect.NativeMethodAccessorImpl.invoke(NativeMethodAccessorImpl.java:57)
	at sun.reflect.DelegatingMethodAccessorImpl.invoke(DelegatingMethodAccessorImpl.java:43)
	at java.lang.reflect.Method.invoke(Method.java:601)
	at org.apache.maven.surefire.booter.ProviderFactory$ClassLoaderProxy.invoke(ProviderFactory.java:103)
	at com.sun.proxy.$Proxy0.invoke(Unknown Source)
	at org.apache.maven.surefire.booter.SurefireStarter.invokeProvider(SurefireStarter.java:150)
	at org.apache.maven.surefire.booter.SurefireStarter.runSuitesInProcess(SurefireStarter.java:91)
	at org.apache.maven.surefire.booter.ForkedBooter.main(ForkedBooter.java:69)
</failure>
  </testcase>
  <testcase time="0.074" classname="org.jbehave.core.reporters.CrossReferenceBehaviour" name="shouldAllowOverridingOfObjectsCreated">
    <failure message="null expected:&lt;...o renovate my house\[u000aAs a customer\u000aI want to get a loan\u000a&apos;,
      &apos;name&apos;: &apos;/path/to/story&apos;,
      &apos;path&apos;: &apos;/path/to/story&apos;,
      &apos;html&apos;: &apos;path.to.html&apos;,
      &apos;meta&apos;: &apos;author=Mauro\u000a]&apos;,
      &apos;scenarios&apos;...&gt; but was:&lt;...o renovate my house\[nAs a customer\nI want to get a loan\n&apos;,
      &apos;name&apos;: &apos;/path/to/story&apos;,
      &apos;path&apos;: &apos;/path/to/story&apos;,
      &apos;html&apos;: &apos;path.to.html&apos;,
      &apos;meta&apos;: &apos;author=Mauro\n]&apos;,
      &apos;scenarios&apos;...&gt;" type="junit.framework.ComparisonFailure">junit.framework.ComparisonFailure: null expected:&lt;...o renovate my house\[u000aAs a customer\u000aI want to get a loan\u000a&apos;,
      &apos;name&apos;: &apos;/path/to/story&apos;,
      &apos;path&apos;: &apos;/path/to/story&apos;,
      &apos;html&apos;: &apos;path.to.html&apos;,
      &apos;meta&apos;: &apos;author=Mauro\u000a]&apos;,
      &apos;scenarios&apos;...&gt; but was:&lt;...o renovate my house\[nAs a customer\nI want to get a loan\n&apos;,
      &apos;name&apos;: &apos;/path/to/story&apos;,
      &apos;path&apos;: &apos;/path/to/story&apos;,
      &apos;html&apos;: &apos;path.to.html&apos;,
      &apos;meta&apos;: &apos;author=Mauro\n]&apos;,
      &apos;scenarios&apos;...&gt;
	at junit.framework.Assert.assertEquals(Assert.java:81)
	at junit.framework.Assert.assertEquals(Assert.java:87)
	at org.jbehave.core.reporters.CrossReferenceBehaviour.shouldAllowOverridingOfObjectsCreated(CrossReferenceBehaviour.java:460)
	at sun.reflect.NativeMethodAccessorImpl.invoke0(Native Method)
	at sun.reflect.NativeMethodAccessorImpl.invoke(NativeMethodAccessorImpl.java:57)
	at sun.reflect.DelegatingMethodAccessorImpl.invoke(DelegatingMethodAccessorImpl.java:43)
	at java.lang.reflect.Method.invoke(Method.java:601)
	at org.junit.runners.model.FrameworkMethod$1.runReflectiveCall(FrameworkMethod.java:44)
	at org.junit.internal.runners.model.ReflectiveCallable.run(ReflectiveCallable.java:15)
	at org.junit.runners.model.FrameworkMethod.invokeExplosively(FrameworkMethod.java:41)
	at org.junit.internal.runners.statements.InvokeMethod.evaluate(InvokeMethod.java:20)
	at org.junit.runners.BlockJUnit4ClassRunner.runNotIgnored(BlockJUnit4ClassRunner.java:79)
	at org.junit.runners.BlockJUnit4ClassRunner.runChild(BlockJUnit4ClassRunner.java:71)
	at org.junit.runners.BlockJUnit4ClassRunner.runChild(BlockJUnit4ClassRunner.java:49)
	at org.junit.runners.ParentRunner$3.run(ParentRunner.java:193)
	at org.junit.runners.ParentRunner$1.schedule(ParentRunner.java:52)
	at org.junit.runners.ParentRunner.runChildren(ParentRunner.java:191)
	at org.junit.runners.ParentRunner.access$000(ParentRunner.java:42)
	at org.junit.runners.ParentRunner$2.evaluate(ParentRunner.java:184)
	at org.junit.runners.ParentRunner.run(ParentRunner.java:236)
	at org.apache.maven.surefire.junit4.JUnit4TestSet.execute(JUnit4TestSet.java:53)
	at org.apache.maven.surefire.junit4.JUnit4Provider.executeTestSet(JUnit4Provider.java:119)
	at org.apache.maven.surefire.junit4.JUnit4Provider.invoke(JUnit4Provider.java:101)
	at sun.reflect.NativeMethodAccessorImpl.invoke0(Native Method)
	at sun.reflect.NativeMethodAccessorImpl.invoke(NativeMethodAccessorImpl.java:57)
	at sun.reflect.DelegatingMethodAccessorImpl.invoke(DelegatingMethodAccessorImpl.java:43)
	at java.lang.reflect.Method.invoke(Method.java:601)
	at org.apache.maven.surefire.booter.ProviderFactory$ClassLoaderProxy.invoke(ProviderFactory.java:103)
	at com.sun.proxy.$Proxy0.invoke(Unknown Source)
	at org.apache.maven.surefire.booter.SurefireStarter.invokeProvider(SurefireStarter.java:150)
	at org.apache.maven.surefire.booter.SurefireStarter.runSuitesInProcess(SurefireStarter.java:91)
	at org.apache.maven.surefire.booter.ForkedBooter.main(ForkedBooter.java:69)
</failure>
  </testcase>
</testsuite>